
..........

[36m[17-12-2021 07:46][0m
[33mCaught:[0m [31mApp\Common\Exception\AppDirException[0m
[33mMessage:[0m App directory [:sessions] does not exist
[33mFile:[0m [34mcommon/Kernel/Directories.php[0m
[33mLine:[0m [36m184[0m
[33mBacktrace:[0m
┬
├─ Method [4m[35mApp\Common\Kernel\Directories->dir[0m in file [4m[36mcommon/Kernel/Directories.php[0m on line # [4m[33m133[0m
├─ Method [4m[35mApp\Common\Kernel\Directories->sessions[0m in file [4m[36msrc/AppAdmin.php[0m on line # [4m[33m37[0m
├─ Method [4m[35mApp\Admin\AppAdmin->__construct[0m in file [4m[36mcommon/Kernel.php[0m on line # [4m[33m57[0m
├─ Method [4m[35mApp\Common\Kernel::Bootstrap[0m in file [4m[36mwww/index.php[0m on line # [4m[33m7[0m

..........

..........

[36m[17-12-2021 07:46][0m
[33mCaught:[0m [31mApp\Common\Exception\AppDirException[0m
[33mMessage:[0m App directory [:sessions] does not exist
[33mFile:[0m [34mcommon/Kernel/Directories.php[0m
[33mLine:[0m [36m184[0m
[33mBacktrace:[0m
┬
├─ Method [4m[35mApp\Common\Kernel\Directories->dir[0m in file [4m[36mcommon/Kernel/Directories.php[0m on line # [4m[33m133[0m
├─ Method [4m[35mApp\Common\Kernel\Directories->sessions[0m in file [4m[36msrc/AppAdmin.php[0m on line # [4m[33m37[0m
├─ Method [4m[35mApp\Admin\AppAdmin->__construct[0m in file [4m[36mcommon/Kernel.php[0m on line # [4m[33m57[0m
├─ Method [4m[35mApp\Common\Kernel::Bootstrap[0m in file [4m[36mwww/index.php[0m on line # [4m[33m7[0m

..........

..........

[36m[17-12-2021 07:47][0m
[33mCaught:[0m [31mApp\Common\Exception\AppDirException[0m
[33mMessage:[0m App directory [:sessions] does not exist
[33mFile:[0m [34mcommon/Kernel/Directories.php[0m
[33mLine:[0m [36m184[0m
[33mBacktrace:[0m
┬
├─ Method [4m[35mApp\Common\Kernel\Directories->dir[0m in file [4m[36mcommon/Kernel/Directories.php[0m on line # [4m[33m133[0m
├─ Method [4m[35mApp\Common\Kernel\Directories->sessions[0m in file [4m[36msrc/AppAdmin.php[0m on line # [4m[33m37[0m
├─ Method [4m[35mApp\Admin\AppAdmin->__construct[0m in file [4m[36mcommon/Kernel.php[0m on line # [4m[33m57[0m
├─ Method [4m[35mApp\Common\Kernel::Bootstrap[0m in file [4m[36mwww/index.php[0m on line # [4m[33m7[0m

..........

..........

[36m[17-12-2021 07:48][0m
[33mCaught:[0m [31mApp\Common\Exception\AppDirException[0m
[33mMessage:[0m App directory [:sessions] does not exist
[33mFile:[0m [34mcommon/Kernel/Directories.php[0m
[33mLine:[0m [36m184[0m
[33mBacktrace:[0m
┬
├─ Method [4m[35mApp\Common\Kernel\Directories->dir[0m in file [4m[36mcommon/Kernel/Directories.php[0m on line # [4m[33m133[0m
├─ Method [4m[35mApp\Common\Kernel\Directories->sessions[0m in file [4m[36msrc/AppAdmin.php[0m on line # [4m[33m37[0m
├─ Method [4m[35mApp\Admin\AppAdmin->__construct[0m in file [4m[36mcommon/Kernel.php[0m on line # [4m[33m57[0m
├─ Method [4m[35mApp\Common\Kernel::Bootstrap[0m in file [4m[36mwww/index.php[0m on line # [4m[33m7[0m

..........

..........

[36m[17-12-2021 07:48][0m
[33mCaught:[0m [31mApp\Common\Exception\AppDirException[0m
[33mMessage:[0m App directory [:sessions] does not exist
[33mFile:[0m [34mcommon/Kernel/Directories.php[0m
[33mLine:[0m [36m184[0m
[33mBacktrace:[0m
┬
├─ Method [4m[35mApp\Common\Kernel\Directories->dir[0m in file [4m[36mcommon/Kernel/Directories.php[0m on line # [4m[33m133[0m
├─ Method [4m[35mApp\Common\Kernel\Directories->sessions[0m in file [4m[36msrc/AppAdmin.php[0m on line # [4m[33m37[0m
├─ Method [4m[35mApp\Admin\AppAdmin->__construct[0m in file [4m[36mcommon/Kernel.php[0m on line # [4m[33m57[0m
├─ Method [4m[35mApp\Common\Kernel::Bootstrap[0m in file [4m[36mwww/index.php[0m on line # [4m[33m7[0m

..........

..........

[36m[17-12-2021 07:48][0m
[33mCaught:[0m [31mApp\Common\Exception\AppDirException[0m
[33mMessage:[0m App directory [:sessions] does not exist
[33mFile:[0m [34mcommon/Kernel/Directories.php[0m
[33mLine:[0m [36m184[0m
[33mBacktrace:[0m
┬
├─ Method [4m[35mApp\Common\Kernel\Directories->dir[0m in file [4m[36mcommon/Kernel/Directories.php[0m on line # [4m[33m133[0m
├─ Method [4m[35mApp\Common\Kernel\Directories->sessions[0m in file [4m[36msrc/AppAdmin.php[0m on line # [4m[33m37[0m
├─ Method [4m[35mApp\Admin\AppAdmin->__construct[0m in file [4m[36mcommon/Kernel.php[0m on line # [4m[33m57[0m
├─ Method [4m[35mApp\Common\Kernel::Bootstrap[0m in file [4m[36mwww/index.php[0m on line # [4m[33m7[0m

..........

..........

[36m[17-12-2021 07:48][0m
[33mCaught:[0m [31mApp\Common\Exception\AppDirException[0m
[33mMessage:[0m App directory [:sessions] does not exist
[33mFile:[0m [34mcommon/Kernel/Directories.php[0m
[33mLine:[0m [36m184[0m
[33mBacktrace:[0m
┬
├─ Method [4m[35mApp\Common\Kernel\Directories->dir[0m in file [4m[36mcommon/Kernel/Directories.php[0m on line # [4m[33m133[0m
├─ Method [4m[35mApp\Common\Kernel\Directories->sessions[0m in file [4m[36msrc/AppAdmin.php[0m on line # [4m[33m37[0m
├─ Method [4m[35mApp\Admin\AppAdmin->__construct[0m in file [4m[36mcommon/Kernel.php[0m on line # [4m[33m57[0m
├─ Method [4m[35mApp\Common\Kernel::Bootstrap[0m in file [4m[36mwww/index.php[0m on line # [4m[33m7[0m

..........

..........

[36m[17-12-2021 07:49][0m
[33mCaught:[0m [31mApp\Common\Exception\AppDirException[0m
[33mMessage:[0m App directory [:sessions] does not exist
[33mFile:[0m [34mcommon/Kernel/Directories.php[0m
[33mLine:[0m [36m184[0m
[33mBacktrace:[0m
┬
├─ Method [4m[35mApp\Common\Kernel\Directories->dir[0m in file [4m[36mcommon/Kernel/Directories.php[0m on line # [4m[33m133[0m
├─ Method [4m[35mApp\Common\Kernel\Directories->sessions[0m in file [4m[36msrc/AppAdmin.php[0m on line # [4m[33m37[0m
├─ Method [4m[35mApp\Admin\AppAdmin->__construct[0m in file [4m[36mcommon/Kernel.php[0m on line # [4m[33m57[0m
├─ Method [4m[35mApp\Common\Kernel::Bootstrap[0m in file [4m[36mwww/index.php[0m on line # [4m[33m7[0m

..........

..........

[36m[17-12-2021 07:49][0m
[33mCaught:[0m [31mApp\Common\Exception\AppDirException[0m
[33mMessage:[0m App directory [:sessions] does not exist
[33mFile:[0m [34mcommon/Kernel/Directories.php[0m
[33mLine:[0m [36m184[0m
[33mBacktrace:[0m
┬
├─ Method [4m[35mApp\Common\Kernel\Directories->dir[0m in file [4m[36mcommon/Kernel/Directories.php[0m on line # [4m[33m133[0m
├─ Method [4m[35mApp\Common\Kernel\Directories->sessions[0m in file [4m[36msrc/AppAdmin.php[0m on line # [4m[33m37[0m
├─ Method [4m[35mApp\Admin\AppAdmin->__construct[0m in file [4m[36mcommon/Kernel.php[0m on line # [4m[33m57[0m
├─ Method [4m[35mApp\Common\Kernel::Bootstrap[0m in file [4m[36mwww/index.php[0m on line # [4m[33m7[0m

..........

..........

[36m[17-12-2021 07:49][0m
[33mCaught:[0m [31mApp\Common\Exception\AppDirException[0m
[33mMessage:[0m App directory [:sessions] does not exist
[33mFile:[0m [34mcommon/Kernel/Directories.php[0m
[33mLine:[0m [36m184[0m
[33mBacktrace:[0m
┬
├─ Method [4m[35mApp\Common\Kernel\Directories->dir[0m in file [4m[36mcommon/Kernel/Directories.php[0m on line # [4m[33m133[0m
├─ Method [4m[35mApp\Common\Kernel\Directories->sessions[0m in file [4m[36msrc/AppAdmin.php[0m on line # [4m[33m37[0m
├─ Method [4m[35mApp\Admin\AppAdmin->__construct[0m in file [4m[36mcommon/Kernel.php[0m on line # [4m[33m57[0m
├─ Method [4m[35mApp\Common\Kernel::Bootstrap[0m in file [4m[36mwww/index.php[0m on line # [4m[33m7[0m

..........

..........

[36m[17-12-2021 07:49][0m
[33mCaught:[0m [31mApp\Common\Exception\AppDirException[0m
[33mMessage:[0m App directory [:sessions] does not exist
[33mFile:[0m [34mcommon/Kernel/Directories.php[0m
[33mLine:[0m [36m184[0m
[33mBacktrace:[0m
┬
├─ Method [4m[35mApp\Common\Kernel\Directories->dir[0m in file [4m[36mcommon/Kernel/Directories.php[0m on line # [4m[33m133[0m
├─ Method [4m[35mApp\Common\Kernel\Directories->sessions[0m in file [4m[36msrc/AppAdmin.php[0m on line # [4m[33m37[0m
├─ Method [4m[35mApp\Admin\AppAdmin->__construct[0m in file [4m[36mcommon/Kernel.php[0m on line # [4m[33m57[0m
├─ Method [4m[35mApp\Common\Kernel::Bootstrap[0m in file [4m[36mwww/index.php[0m on line # [4m[33m7[0m

..........

..........

[36m[17-12-2021 07:50][0m
[33mCaught:[0m [31mApp\Common\Exception\AppDirException[0m
[33mMessage:[0m App directory [:sessions] does not exist
[33mFile:[0m [34mcommon/Kernel/Directories.php[0m
[33mLine:[0m [36m184[0m
[33mBacktrace:[0m
┬
├─ Method [4m[35mApp\Common\Kernel\Directories->dir[0m in file [4m[36mcommon/Kernel/Directories.php[0m on line # [4m[33m133[0m
├─ Method [4m[35mApp\Common\Kernel\Directories->sessions[0m in file [4m[36msrc/AppAdmin.php[0m on line # [4m[33m37[0m
├─ Method [4m[35mApp\Admin\AppAdmin->__construct[0m in file [4m[36mcommon/Kernel.php[0m on line # [4m[33m57[0m
├─ Method [4m[35mApp\Common\Kernel::Bootstrap[0m in file [4m[36mwww/index.php[0m on line # [4m[33m7[0m

..........
